<?xml version="1.0" encoding="UTF-8"?>
<!-- Generated by org.testng.reporters.JUnitReportReporter -->
<testsuite skipped="0" hostname="Vilmis-PC" name="testCasess.Demo" tests="1" failures="0" timestamp="08 Bal 2019 12:23:25 GMT" time="39.613" errors="0">
  <testcase name="demo" time="39.613" classname="testCasess.Demo"/>
</testsuite> <!-- testCasess.Demo -->
